#-----------------------------------------------------------
# Vivado v2023.2 (64-bit)
# SW Build 4029153 on Fri Oct 13 20:14:34 MDT 2023
# IP Build 4028589 on Sat Oct 14 00:45:43 MDT 2023
# SharedData Build 4025554 on Tue Oct 10 17:18:54 MDT 2023
# Start of session at: Sun Nov 10 21:39:06 2024
# Process ID: 12672
# Current directory: C:/AUT/RCS/HW2/HW/Sobel_Edge_Detector_PS/Sobel_Edge_Detector_PS
# Command line: vivado.exe -gui_launcher_event rodinguilauncherevent12000 C:\AUT\RCS\HW2\HW\Sobel_Edge_Detector_PS\Sobel_Edge_Detector_PS\Sobel_Edge_Detector_PS.xpr
# Log file: C:/AUT/RCS/HW2/HW/Sobel_Edge_Detector_PS/Sobel_Edge_Detector_PS/vivado.log
# Journal file: C:/AUT/RCS/HW2/HW/Sobel_Edge_Detector_PS/Sobel_Edge_Detector_PS\vivado.jou
# Running On: DESKTOP-A2LG1N2, OS: Windows, CPU Frequency: 3000 MHz, CPU Physical cores: 4, Host memory: 8449 MB
#-----------------------------------------------------------
start_gui
open_project C:/AUT/RCS/HW2/HW/Sobel_Edge_Detector_PS/Sobel_Edge_Detector_PS/Sobel_Edge_Detector_PS.xpr
WARNING: [Board 49-26] cannot add Board Part xilinx.com:vek280_es:part0:1.0 available at C:/Xilinx/Vivado/2023.2/data/xhub/boards/XilinxBoardStore/boards/Xilinx/vek280/es/rev_a/1.0/board.xml as part xcve2802-vsvh1760-2lp-e-s-es1 specified in board_part file is either invalid or not available
WARNING: [Board 49-26] cannot add Board Part xilinx.com:vek280_es:part0:1.1 available at C:/Xilinx/Vivado/2023.2/data/xhub/boards/XilinxBoardStore/boards/Xilinx/vek280/es/rev_a/1.1/board.xml as part xcve2802-vsvh1760-2lp-e-s-es1 specified in board_part file is either invalid or not available
WARNING: [Board 49-26] cannot add Board Part xilinx.com:vek280_es_revb:part0:1.0 available at C:/Xilinx/Vivado/2023.2/data/xhub/boards/XilinxBoardStore/boards/Xilinx/vek280/es/rev_b/1.0/board.xml as part xcve2802-vsvh1760-2mp-e-s-es1 specified in board_part file is either invalid or not available
WARNING: [Board 49-26] cannot add Board Part xilinx.com:vek280_es_revb:part0:1.1 available at C:/Xilinx/Vivado/2023.2/data/xhub/boards/XilinxBoardStore/boards/Xilinx/vek280/es/rev_b/1.1/board.xml as part xcve2802-vsvh1760-2mp-e-s-es1 specified in board_part file is either invalid or not available
WARNING: [Board 49-26] cannot add Board Part xilinx.com:vhk158_es:part0:1.0 available at C:/Xilinx/Vivado/2023.2/data/xhub/boards/XilinxBoardStore/boards/Xilinx/vhk158/es/1.0/board.xml as part xcvh1582-vsva3697-2mp-e-s-es1 specified in board_part file is either invalid or not available
WARNING: [Board 49-26] cannot add Board Part xilinx.com:vhk158_es:part0:1.1 available at C:/Xilinx/Vivado/2023.2/data/xhub/boards/XilinxBoardStore/boards/Xilinx/vhk158/es/1.1/board.xml as part xcvh1582-vsva3697-2mp-e-s-es1 specified in board_part file is either invalid or not available
WARNING: [Board 49-26] cannot add Board Part xilinx.com:zcu208ld:part0:2.0 available at C:/Xilinx/Vivado/2023.2/data/xhub/boards/XilinxBoardStore/boards/Xilinx/zcu208ld/production/2.0/board.xml as part xczu58dr-fsvg1517-2-i specified in board_part file is either invalid or not available
WARNING: [Board 49-26] cannot add Board Part xilinx.com:zcu216ld:part0:2.0 available at C:/Xilinx/Vivado/2023.2/data/xhub/boards/XilinxBoardStore/boards/Xilinx/zcu216ld/production/2.0/board.xml as part xczu59dr-ffvf1760-2-i specified in board_part file is either invalid or not available
WARNING: [Board 49-26] cannot add Board Part xilinx.com:zcu670:part0:2.0 available at C:/Xilinx/Vivado/2023.2/data/xhub/boards/XilinxBoardStore/boards/Xilinx/zcu670/2.0/board.xml as part xczu67dr-fsve1156-2-i specified in board_part file is either invalid or not available
WARNING: [Board 49-26] cannot add Board Part xilinx.com:zcu670ld:part0:1.0 available at C:/Xilinx/Vivado/2023.2/data/xhub/boards/XilinxBoardStore/boards/Xilinx/zcu670ld/1.0/board.xml as part xczu57dr-fsve1156-2-i specified in board_part file is either invalid or not available
Scanning sources...
Finished scanning sources
INFO: [IP_Flow 19-234] Refreshing IP repositories
INFO: [IP_Flow 19-1700] Loaded user IP repository 'c:/AUT/RCS/HW2/HW/Sobel_Edge_Detector_PL'.
INFO: [IP_Flow 19-2313] Loaded Vivado IP repository 'C:/Xilinx/Vivado/2023.2/data/ip'.
open_project: Time (s): cpu = 00:00:12 ; elapsed = 00:00:12 . Memory (MB): peak = 1511.414 ; gain = 346.121
update_compile_order -fileset sources_1
set_property  ip_repo_paths  {} [current_project]
update_ip_catalog
INFO: [IP_Flow 19-234] Refreshing IP repositories
INFO: [IP_Flow 19-1704] No user IP repositories specified
set_property  ip_repo_paths  C:/AUT/RCS/HW2/HW/Sobel_Edge_Detector_PL [current_project]
update_ip_catalog
INFO: [IP_Flow 19-234] Refreshing IP repositories
INFO: [IP_Flow 19-1700] Loaded user IP repository 'c:/AUT/RCS/HW2/HW/Sobel_Edge_Detector_PL'.
open_bd_design {C:/AUT/RCS/HW2/HW/Sobel_Edge_Detector_PS/Sobel_Edge_Detector_PS/Sobel_Edge_Detector_PS.srcs/sources_1/bd/design_1/design_1.bd}
Reading block design file <C:/AUT/RCS/HW2/HW/Sobel_Edge_Detector_PS/Sobel_Edge_Detector_PS/Sobel_Edge_Detector_PS.srcs/sources_1/bd/design_1/design_1.bd>...
Successfully read diagram <design_1> from block design file <C:/AUT/RCS/HW2/HW/Sobel_Edge_Detector_PS/Sobel_Edge_Detector_PS/Sobel_Edge_Detector_PS.srcs/sources_1/bd/design_1/design_1.bd>
open_bd_design: Time (s): cpu = 00:00:05 ; elapsed = 00:00:07 . Memory (MB): peak = 1661.387 ; gain = 103.188
startgroup
create_bd_cell -type ip -vlnv xilinx.com:hls:sobel_edge_detector:1.0 sobel_edge_detector_0
endgroup
save_bd_design
Wrote  : <C:\AUT\RCS\HW2\HW\Sobel_Edge_Detector_PS\Sobel_Edge_Detector_PS\Sobel_Edge_Detector_PS.srcs\sources_1\bd\design_1\design_1.bd> 
Wrote  : <C:/AUT/RCS/HW2/HW/Sobel_Edge_Detector_PS/Sobel_Edge_Detector_PS/Sobel_Edge_Detector_PS.srcs/sources_1/bd/design_1/ui/bd_1f5defd0.ui> 
startgroup
create_bd_cell -type ip -vlnv xilinx.com:ip:axi_interconnect:2.1 axi_interconnect_0
endgroup
set_property location {1 38 -328} [get_bd_cells axi_interconnect_0]
startgroup
create_bd_cell -type ip -vlnv xilinx.com:ip:axi_interconnect:2.1 axi_interconnect_1
endgroup
startgroup
create_bd_cell -type ip -vlnv xilinx.com:ip:axi_dma:7.1 axi_dma_0
endgroup
startgroup
create_bd_cell -type ip -vlnv xilinx.com:ip:axi_timer:2.0 axi_timer_0
endgroup
startgroup
create_bd_cell -type ip -vlnv xilinx.com:ip:proc_sys_reset:5.0 proc_sys_reset_0
INFO: [Ipptcl 7-1463] No Compatible Board Interface found. Board Tab not created in customize GUI
endgroup
startgroup
create_bd_cell -type ip -vlnv xilinx.com:ip:processing_system7:5.5 processing_system7_0
endgroup
regenerate_bd_layout
set_property location {1 109 536} [get_bd_cells processing_system7_0]
WARNING: [IP_Flow 19-474] Invalid Parameter 'Component_Name'
startgroup
apply_bd_automation -rule xilinx.com:bd_rule:axi4 -config { Clk_master {Auto} Clk_slave {Auto} Clk_xbar {Auto} Master {/processing_system7_0/M_AXI_GP0} Slave {/axi_dma_0/S_AXI_LITE} ddr_seg {Auto} intc_ip {Auto} master_apm {0}}  [get_bd_intf_pins axi_dma_0/S_AXI_LITE]
Slave segment '/axi_dma_0/S_AXI_LITE/Reg' is being assigned into address space '/processing_system7_0/Data' at <0x41E0_0000 [ 64K ]>.
INFO: [BD 5-455] Automation on '/axi_interconnect_0/ACLK' will not be run, since it is obsolete due to previously run automations
apply_bd_automation -rule xilinx.com:bd_rule:clkrst -config { Clk {/processing_system7_0/FCLK_CLK0 (50 MHz)} Freq {100} Ref_Clk0 {} Ref_Clk1 {} Ref_Clk2 {}}  [get_bd_pins axi_interconnect_1/ACLK]
apply_bd_automation -rule xilinx.com:bd_rule:axi4 -config { Clk_master {Auto} Clk_slave {Auto} Clk_xbar {Auto} Master {/processing_system7_0/M_AXI_GP0} Slave {/axi_timer_0/S_AXI} ddr_seg {Auto} intc_ip {Auto} master_apm {0}}  [get_bd_intf_pins axi_timer_0/S_AXI]
Slave segment '/axi_timer_0/S_AXI/Reg' is being assigned into address space '/processing_system7_0/Data' at <0x41C0_0000 [ 64K ]>.
INFO: [BD 5-455] Automation on '/proc_sys_reset_0/ext_reset_in' will not be run, since it is obsolete due to previously run automations
INFO: [BD 5-455] Automation on '/proc_sys_reset_0/slowest_sync_clk' will not be run, since it is obsolete due to previously run automations
apply_bd_automation -rule xilinx.com:bd_rule:axi4 -config { Clk_master {Auto} Clk_slave {Auto} Clk_xbar {Auto} Master {/processing_system7_0/M_AXI_GP0} Slave {/sobel_edge_detector_0/s_axi_control} ddr_seg {Auto} intc_ip {Auto} master_apm {0}}  [get_bd_intf_pins sobel_edge_detector_0/s_axi_control]
Slave segment '/sobel_edge_detector_0/s_axi_control/Reg' is being assigned into address space '/processing_system7_0/Data' at <0x4000_0000 [ 64K ]>.
apply_bd_automation -rule xilinx.com:bd_rule:axi4 -config { Clk_master {Auto} Clk_slave {Auto} Clk_xbar {Auto} Master {/processing_system7_0/M_AXI_GP0} Slave {/sobel_edge_detector_0/s_axi_control_r} ddr_seg {Auto} intc_ip {Auto} master_apm {0}}  [get_bd_intf_pins sobel_edge_detector_0/s_axi_control_r]
Slave segment '/sobel_edge_detector_0/s_axi_control_r/Reg' is being assigned into address space '/processing_system7_0/Data' at <0x4001_0000 [ 64K ]>.
endgroup
regenerate_bd_layout
WARNING: [IP_Flow 19-474] Invalid Parameter 'Component_Name'
apply_bd_automation -rule xilinx.com:bd_rule:processing_system7 -config {make_external "FIXED_IO, DDR" apply_board_preset "1" Master "Disable" Slave "Disable" }  [get_bd_cells processing_system7_0]
apply_bd_automation: Time (s): cpu = 00:00:04 ; elapsed = 00:00:07 . Memory (MB): peak = 1869.801 ; gain = 0.000
regenerate_bd_layout
regenerate_bd_layout
save_bd_design
Wrote  : <C:\AUT\RCS\HW2\HW\Sobel_Edge_Detector_PS\Sobel_Edge_Detector_PS\Sobel_Edge_Detector_PS.srcs\sources_1\bd\design_1\design_1.bd> 
Wrote  : <C:/AUT/RCS/HW2/HW/Sobel_Edge_Detector_PS/Sobel_Edge_Detector_PS/Sobel_Edge_Detector_PS.srcs/sources_1/bd/design_1/ui/bd_1f5defd0.ui> 
exit
INFO: [Common 17-206] Exiting Vivado at Sun Nov 10 21:49:36 2024...
